#
# There is insufficient memory for the Java Runtime Environment to continue.
# Native memory allocation (malloc) failed to allocate 1048576 bytes for AllocateHeap
# Possible reasons:
#   The system is out of physical RAM or swap space
#   The process is running with CompressedOops enabled, and the Java Heap may be blocking the growth of the native heap
# Possible solutions:
#   Reduce memory load on the system
#   Increase physical memory or swap space
#   Check if swap backing store is full
#   Decrease Java heap size (-Xmx/-Xms)
#   Decrease number of Java threads
#   Decrease Java thread stack sizes (-Xss)
#   Set larger code cache with -XX:ReservedCodeCacheSize=
#   JVM is running with Unscaled Compressed Oops mode in which the Java heap is
#     placed in the first 4GB address space. The Java Heap base address is the
#     maximum limit for the native heap growth. Please use -XX:HeapBaseMinAddress
#     to set the Java Heap base and to place the Java Heap above 4GB virtual address.
# This output file may be truncated or incomplete.
#
#  Out of Memory Error (memory/allocation.inline.hpp:61), pid=4676, tid=0x0000000000002f3c
#
# JRE version:  (8.0_241-b07) (build )
# Java VM: Java HotSpot(TM) 64-Bit Server VM (25.241-b07 mixed mode windows-amd64 compressed oops)
# Failed to write core dump. Minidumps are not enabled by default on client versions of Windows
#

---------------  T H R E A D  ---------------

Current thread (0x000000000298e000):  JavaThread "Unknown thread" [_thread_in_vm, id=12092, stack(0x0000000002870000,0x0000000002970000)]

Stack: [0x0000000002870000,0x0000000002970000]
[error occurred during error reporting (printing stack bounds), id 0xc0000005]

Native frames: (J=compiled Java code, j=interpreted, Vv=VM code, C=native code)


---------------  P R O C E S S  ---------------

Java Threads: ( => current thread )

Other Threads:

=>0x000000000298e000 (exited) JavaThread "Unknown thread" [_thread_in_vm, id=12092, stack(0x0000000002870000,0x0000000002970000)]

VM state:not at safepoint (normal execution)

VM Mutex/Monitor currently owned by a thread: None

heap address: 0x00000000c3000000, size: 976 MB, Compressed Oops mode: 32-bit
Narrow klass base: 0x0000000000000000, Narrow klass shift: 3
Compressed class space size: 1073741824 Address: 0x0000000100000000

Heap:
 PSYoungGen      total 18432K, used 317K [0x00000000ebb00000, 0x00000000ecf80000, 0x0000000100000000)
  eden space 15872K, 2% used [0x00000000ebb00000,0x00000000ebb4f5d0,0x00000000eca80000)
  from space 2560K, 0% used [0x00000000ecd00000,0x00000000ecd00000,0x00000000ecf80000)
  to   space 2560K, 0% used [0x00000000eca80000,0x00000000eca80000,0x00000000ecd00000)
 ParOldGen       total 42496K, used 0K [0x00000000c3000000, 0x00000000c5980000, 0x00000000ebb00000)
  object space 42496K, 0% used [0x00000000c3000000,0x00000000c3000000,0x00000000c5980000)
 Metaspace       used 776K, capacity 4480K, committed 4480K, reserved 1056768K
  class space    used 76K, capacity 384K, committed 384K, reserved 1048576K

Card table byte_map: [0x00000000121e0000,0x00000000123d0000] byte_map_base: 0x0000000011bc8000

Marking Bits: (ParMarkBitMap*) 0x000000006d0abe30
 Begin Bits: [0x0000000012d20000, 0x0000000013c60000)
 End Bits:   [0x0000000013c60000, 0x0000000014ba0000)

Polling page: 0x0000000002970000

CodeCache: size=245760Kb used=328Kb max_used=328Kb free=245431Kb
 bounds [0x0000000002e20000, 0x0000000003090000, 0x0000000011e20000]
 total_blobs=58 nmethods=0 adapters=38
 compilation: enabled

Compilation events (0 events):
No events

GC Heap History (0 events):
No events

Deoptimization events (0 events):
No events

Classes redefined (0 events):
No events

Internal exceptions (0 events):
No events

Events (10 events):
Event: 0.032 loading class java/lang/Short
Event: 0.033 loading class java/lang/Short done
Event: 0.033 loading class java/lang/Integer
Event: 0.033 loading class java/lang/Integer done
Event: 0.033 loading class java/lang/Long
Event: 0.033 loading class java/lang/Long done
Event: 0.034 loading class java/lang/NullPointerException
Event: 0.034 loading class java/lang/NullPointerException done
Event: 0.034 loading class java/lang/ArithmeticException
Event: 0.034 loading class java/lang/ArithmeticException done


Dynamic libraries:
0x00007ff6e1230000 - 0x00007ff6e1267000 	C:\Program Files\Java\jdk\bin\java.exe
0x00007ffbd6a10000 - 0x00007ffbd6c07000 	C:\WINDOWS\SYSTEM32\ntdll.dll
0x00007ffbd5ad0000 - 0x00007ffbd5b8d000 	C:\WINDOWS\System32\KERNEL32.DLL
0x00007ffbd42c0000 - 0x00007ffbd458d000 	C:\WINDOWS\System32\KERNELBASE.dll
0x00007ffbd5a20000 - 0x00007ffbd5ace000 	C:\WINDOWS\System32\ADVAPI32.dll
0x00007ffbd6520000 - 0x00007ffbd65be000 	C:\WINDOWS\System32\msvcrt.dll
0x00007ffbd5bb0000 - 0x00007ffbd5c4c000 	C:\WINDOWS\System32\sechost.dll
0x00007ffbd5640000 - 0x00007ffbd5765000 	C:\WINDOWS\System32\RPCRT4.dll
0x00007ffbd65c0000 - 0x00007ffbd6760000 	C:\WINDOWS\System32\USER32.dll
0x00007ffbd41d0000 - 0x00007ffbd41f2000 	C:\WINDOWS\System32\win32u.dll
0x00007ffbd6440000 - 0x00007ffbd646a000 	C:\WINDOWS\System32\GDI32.dll
0x00007ffbd45c0000 - 0x00007ffbd46cb000 	C:\WINDOWS\System32\gdi32full.dll
0x00007ffbd4130000 - 0x00007ffbd41cd000 	C:\WINDOWS\System32\msvcp_win.dll
0x00007ffbd4830000 - 0x00007ffbd4930000 	C:\WINDOWS\System32\ucrtbase.dll
0x00007ffbb63a0000 - 0x00007ffbb663a000 	C:\WINDOWS\WinSxS\amd64_microsoft.windows.common-controls_6595b64144ccf1df_6.0.19041.1110_none_60b5254171f9507e\COMCTL32.dll
0x00007ffbd5c60000 - 0x00007ffbd5c90000 	C:\WINDOWS\System32\IMM32.DLL
0x000000006db40000 - 0x000000006dc12000 	C:\Program Files\Java\jdk\jre\bin\msvcr100.dll
0x000000006c880000 - 0x000000006d12c000 	C:\Program Files\Java\jdk\jre\bin\server\jvm.dll
0x00007ffbd4b50000 - 0x00007ffbd4b58000 	C:\WINDOWS\System32\PSAPI.DLL
0x00007ffbcdb60000 - 0x00007ffbcdb6a000 	C:\WINDOWS\SYSTEM32\VERSION.dll
0x00007ffbcf8b0000 - 0x00007ffbcf8b9000 	C:\WINDOWS\SYSTEM32\WSOCK32.dll
0x00007ffbbd0f0000 - 0x00007ffbbd117000 	C:\WINDOWS\SYSTEM32\WINMM.dll
0x00007ffbd59b0000 - 0x00007ffbd5a1b000 	C:\WINDOWS\System32\WS2_32.dll
0x00007ffbcf3c0000 - 0x00007ffbcf3cf000 	C:\Program Files\Java\jdk\jre\bin\verify.dll
0x00007ffba19d0000 - 0x00007ffba19f9000 	C:\Program Files\Java\jdk\jre\bin\java.dll
0x00007ffbce670000 - 0x00007ffbce686000 	C:\Program Files\Java\jdk\jre\bin\zip.dll

VM Arguments:
java_command: ming.project2.MainMenu
java_class_path (initial): C:\Users\user\Documents\NetBeansProjects\Project2\target\classes
Launcher Type: SUN_STANDARD

Environment Variables:
JAVA_HOME=C:\Program Files\Java\jdk
PATH=C:\Program Files\Common Files\Oracle\Java\javapath;C:\Program Files (x86)\Common Files\Oracle\Java\javapath;C:\windows\system32;C:\windows;C:\windows\System32\Wbem;C:\windows\System32\WindowsPowerShell\v1.0\;C:\windows\System32\OpenSSH\;C:\Program Files (x86)\NVIDIA Corporation\PhysX\Common;C:\Program Files\NVIDIA Corporation\NVIDIA NvDLISR;C:\WINDOWS\system32;C:\WINDOWS;C:\WINDOWS\System32\Wbem;C:\WINDOWS\System32\WindowsPowerShell\v1.0\;C:\WINDOWS\System32\OpenSSH\;C:\Program Files\Java\jdk\bin;C:\Program Files\Java\jdk-18\bin;C:\Users\user\AppData\Local\Microsoft\WindowsApps;
USERNAME=user
OS=Windows_NT
PROCESSOR_IDENTIFIER=Intel64 Family 6 Model 142 Stepping 12, GenuineIntel



---------------  S Y S T E M  ---------------

OS: Windows 10.0 , 64 bit Build 19041 (10.0.19041.1741)

CPU:total 8 (initial active 8) (4 cores per cpu, 2 threads per core) family 6 model 142 stepping 12, cmov, cx8, fxsr, mmx, sse, sse2, sse3, ssse3, sse4.1, sse4.2, popcnt, avx, avx2, aes, clmul, erms, 3dnowpref, lzcnt, ht, tsc, tscinvbit, bmi1, bmi2, adx

Memory: 4k page, physical 3993588k(194248k free), swap 16052212k(5672k free)

vm_info: Java HotSpot(TM) 64-Bit Server VM (25.241-b07) for windows-amd64 JRE (1.8.0_241-b07), built on Dec 11 2019 10:21:40 by "rejava" with MS VC++ 10.0 (VS2010)

time: Sat Jul 02 20:50:51 2022
timezone: Malay Peninsula Standard Time
elapsed time: 0 seconds (0d 0h 0m 0s)

